\BOOKMARK [0][-]{chapter.1}{ARxCODE: Especificaciones}{}% 1
\BOOKMARK [1][-]{section.1.1}{Especifiaciones Iniciales}{chapter.1}% 2
\BOOKMARK [2][-]{subsection.1.1.1}{Casos de Uso}{section.1.1}% 3
\BOOKMARK [2][-]{subsection.1.1.2}{\301mbito del sistema}{section.1.1}% 4
\BOOKMARK [2][-]{subsection.1.1.3}{Caracter\355sticas de los Usuarios}{section.1.1}% 5
\BOOKMARK [2][-]{subsection.1.1.4}{Restricciones}{section.1.1}% 6
\BOOKMARK [2][-]{subsection.1.1.5}{Interfaces}{section.1.1}% 7
\BOOKMARK [1][-]{section.1.2}{Especificaciones Finales}{chapter.1}% 8
\BOOKMARK [2][-]{subsection.1.2.1}{Requerimientos Finales}{section.1.2}% 9
\BOOKMARK [1][-]{section.1.3}{Flujo din\341mico de ARxCODE}{chapter.1}% 10
\BOOKMARK [0][-]{chapter.2}{Metodolog\355a de Desarrollo}{}% 11
\BOOKMARK [1][-]{section.2.1}{Plan de Desarrollo}{chapter.2}% 12
\BOOKMARK [1][-]{section.2.2}{Entorno de Desarrollo}{chapter.2}% 13
\BOOKMARK [0][-]{chapter.3}{Dise\361o, Seguimiento y Control}{}% 14
\BOOKMARK [1][-]{section.3.1}{Arquitectura}{chapter.3}% 15
\BOOKMARK [1][-]{section.3.2}{Interfaces}{chapter.3}% 16
\BOOKMARK [1][-]{section.3.3}{Seguimiento y Control}{chapter.3}% 17
\BOOKMARK [2][-]{subsection.3.3.1}{Verificaci\363n y Validaci\363n}{section.3.3}% 18
\BOOKMARK [2][-]{subsection.3.3.2}{Gesti\363n de la Configuraci\363n}{section.3.3}% 19
\BOOKMARK [2][-]{subsection.3.3.3}{Aseguramiento de la Calidad}{section.3.3}% 20
